Determining if the pthread_create exist failed with the following output:
Change Dir: /home/adrianb3/Dev/Cpp/MultithreadingCpp/ThreadManagement/cmake-build-debug/CMakeFiles/CMakeTmp

Run Build Command:"/usr/bin/make" "cmTC_f634c/fast"
/usr/bin/make -f CMakeFiles/cmTC_f634c.dir/build.make CMakeFiles/cmTC_f634c.dir/build
make[1]: Entering directory '/home/adrianb3/Dev/Cpp/MultithreadingCpp/ThreadManagement/cmake-build-debug/CMakeFiles/CMakeTmp'
Building C object CMakeFiles/cmTC_f634c.dir/CheckSymbolExists.c.o
/usr/bin/cc    -o CMakeFiles/cmTC_f634c.dir/CheckSymbolExists.c.o   -c /home/adrianb3/Dev/Cpp/MultithreadingCpp/ThreadManagement/cmake-build-debug/CMakeFiles/CMakeTmp/CheckSymbolExists.c
Linking C executable cmTC_f634c
/home/adrianb3/.local/share/JetBrains/Toolbox/apps/CLion/ch-0/182.3684.76/bin/cmake/linux/bin/cmake -E cmake_link_script CMakeFiles/cmTC_f634c.dir/link.txt --verbose=1
/usr/bin/cc      CMakeFiles/cmTC_f634c.dir/CheckSymbolExists.c.o  -o cmTC_f634c 
CMakeFiles/cmTC_f634c.dir/CheckSymbolExists.c.o: In function `main':
CheckSymbolExists.c:(.text+0x1b): undefined reference to `pthread_create'
collect2: error: ld returned 1 exit status
CMakeFiles/cmTC_f634c.dir/build.make:86: recipe for target 'cmTC_f634c' failed
make[1]: *** [cmTC_f634c] Error 1
make[1]: Leaving directory '/home/adrianb3/Dev/Cpp/MultithreadingCpp/ThreadManagement/cmake-build-debug/CMakeFiles/CMakeTmp'
Makefile:121: recipe for target 'cmTC_f634c/fast' failed
make: *** [cmTC_f634c/fast] Error 2

File /home/adrianb3/Dev/Cpp/MultithreadingCpp/ThreadManagement/cmake-build-debug/CMakeFiles/CMakeTmp/CheckSymbolExists.c:
/* */
#include <pthread.h>

int main(int argc, char** argv)
{
  (void)argv;
#ifndef pthread_create
  return ((int*)(&pthread_create))[argc];
#else
  (void)argc;
  return 0;
#endif
}

Determining if the function pthread_create exists in the pthreads failed with the following output:
Change Dir: /home/adrianb3/Dev/Cpp/MultithreadingCpp/ThreadManagement/cmake-build-debug/CMakeFiles/CMakeTmp

Run Build Command:"/usr/bin/make" "cmTC_f129c/fast"
/usr/bin/make -f CMakeFiles/cmTC_f129c.dir/build.make CMakeFiles/cmTC_f129c.dir/build
make[1]: Entering directory '/home/adrianb3/Dev/Cpp/MultithreadingCpp/ThreadManagement/cmake-build-debug/CMakeFiles/CMakeTmp'
Building C object CMakeFiles/cmTC_f129c.dir/CheckFunctionExists.c.o
/usr/bin/cc   -DCHECK_FUNCTION_EXISTS=pthread_create   -o CMakeFiles/cmTC_f129c.dir/CheckFunctionExists.c.o   -c /home/adrianb3/.local/share/JetBrains/Toolbox/apps/CLion/ch-0/182.3684.76/bin/cmake/linux/share/cmake-3.12/Modules/CheckFunctionExists.c
Linking C executable cmTC_f129c
/home/adrianb3/.local/share/JetBrains/Toolbox/apps/CLion/ch-0/182.3684.76/bin/cmake/linux/bin/cmake -E cmake_link_script CMakeFiles/cmTC_f129c.dir/link.txt --verbose=1
/usr/bin/cc  -DCHECK_FUNCTION_EXISTS=pthread_create    CMakeFiles/cmTC_f129c.dir/CheckFunctionExists.c.o  -o cmTC_f129c -lpthreads 
/usr/bin/x86_64-linux-gnu-ld: cannot find -lpthreads
collect2: error: ld returned 1 exit status
CMakeFiles/cmTC_f129c.dir/build.make:86: recipe for target 'cmTC_f129c' failed
make[1]: *** [cmTC_f129c] Error 1
make[1]: Leaving directory '/home/adrianb3/Dev/Cpp/MultithreadingCpp/ThreadManagement/cmake-build-debug/CMakeFiles/CMakeTmp'
Makefile:121: recipe for target 'cmTC_f129c/fast' failed
make: *** [cmTC_f129c/fast] Error 2


