Determining if the pthread_create exist failed with the following output:
Change Dir: /home/adrianb3/MEGA/Learning/AdvancedCpp/ThreadTutorial/DataRace_Mutex/cmake-build-debug/CMakeFiles/CMakeTmp

Run Build Command:"/usr/bin/make" "cmTC_f6569/fast"
/usr/bin/make -f CMakeFiles/cmTC_f6569.dir/build.make CMakeFiles/cmTC_f6569.dir/build
make[1]: Entering directory '/home/adrianb3/MEGA/Learning/AdvancedCpp/ThreadTutorial/DataRace_Mutex/cmake-build-debug/CMakeFiles/CMakeTmp'
Building C object CMakeFiles/cmTC_f6569.dir/CheckSymbolExists.c.o
/usr/bin/cc    -o CMakeFiles/cmTC_f6569.dir/CheckSymbolExists.c.o   -c /home/adrianb3/MEGA/Learning/AdvancedCpp/ThreadTutorial/DataRace_Mutex/cmake-build-debug/CMakeFiles/CMakeTmp/CheckSymbolExists.c
Linking C executable cmTC_f6569
/home/adrianb3/.local/share/JetBrains/Toolbox/apps/CLion/ch-0/181.4445.84/bin/cmake/bin/cmake -E cmake_link_script CMakeFiles/cmTC_f6569.dir/link.txt --verbose=1
/usr/bin/cc      CMakeFiles/cmTC_f6569.dir/CheckSymbolExists.c.o  -o cmTC_f6569 
CMakeFiles/cmTC_f6569.dir/CheckSymbolExists.c.o: In function `main':
CheckSymbolExists.c:(.text+0x1b): undefined reference to `pthread_create'
collect2: error: ld returned 1 exit status
CMakeFiles/cmTC_f6569.dir/build.make:97: recipe for target 'cmTC_f6569' failed
make[1]: *** [cmTC_f6569] Error 1
make[1]: Leaving directory '/home/adrianb3/MEGA/Learning/AdvancedCpp/ThreadTutorial/DataRace_Mutex/cmake-build-debug/CMakeFiles/CMakeTmp'
Makefile:126: recipe for target 'cmTC_f6569/fast' failed
make: *** [cmTC_f6569/fast] Error 2

File /home/adrianb3/MEGA/Learning/AdvancedCpp/ThreadTutorial/DataRace_Mutex/cmake-build-debug/CMakeFiles/CMakeTmp/CheckSymbolExists.c:
/* */
#include <pthread.h>

int main(int argc, char** argv)
{
  (void)argv;
#ifndef pthread_create
  return ((int*)(&pthread_create))[argc];
#else
  (void)argc;
  return 0;
#endif
}

Determining if the function pthread_create exists in the pthreads failed with the following output:
Change Dir: /home/adrianb3/MEGA/Learning/AdvancedCpp/ThreadTutorial/DataRace_Mutex/cmake-build-debug/CMakeFiles/CMakeTmp

Run Build Command:"/usr/bin/make" "cmTC_e330d/fast"
/usr/bin/make -f CMakeFiles/cmTC_e330d.dir/build.make CMakeFiles/cmTC_e330d.dir/build
make[1]: Entering directory '/home/adrianb3/MEGA/Learning/AdvancedCpp/ThreadTutorial/DataRace_Mutex/cmake-build-debug/CMakeFiles/CMakeTmp'
Building C object CMakeFiles/cmTC_e330d.dir/CheckFunctionExists.c.o
/usr/bin/cc   -DCHECK_FUNCTION_EXISTS=pthread_create   -o CMakeFiles/cmTC_e330d.dir/CheckFunctionExists.c.o   -c /home/adrianb3/.local/share/JetBrains/Toolbox/apps/CLion/ch-0/181.4445.84/bin/cmake/share/cmake-3.10/Modules/CheckFunctionExists.c
Linking C executable cmTC_e330d
/home/adrianb3/.local/share/JetBrains/Toolbox/apps/CLion/ch-0/181.4445.84/bin/cmake/bin/cmake -E cmake_link_script CMakeFiles/cmTC_e330d.dir/link.txt --verbose=1
/usr/bin/cc  -DCHECK_FUNCTION_EXISTS=pthread_create    CMakeFiles/cmTC_e330d.dir/CheckFunctionExists.c.o  -o cmTC_e330d -lpthreads 
/usr/bin/ld: cannot find -lpthreads
collect2: error: ld returned 1 exit status
CMakeFiles/cmTC_e330d.dir/build.make:97: recipe for target 'cmTC_e330d' failed
make[1]: *** [cmTC_e330d] Error 1
make[1]: Leaving directory '/home/adrianb3/MEGA/Learning/AdvancedCpp/ThreadTutorial/DataRace_Mutex/cmake-build-debug/CMakeFiles/CMakeTmp'
Makefile:126: recipe for target 'cmTC_e330d/fast' failed
make: *** [cmTC_e330d/fast] Error 2


